\BOOKMARK [0][-]{section*.1}{Approval}{}% 1
\BOOKMARK [0][-]{section*.3}{Abstract}{}% 2
\BOOKMARK [0][-]{section*.6}{Dedication}{}% 3
\BOOKMARK [0][-]{section*.8}{Acknowledgements}{}% 4
\BOOKMARK [0][-]{section*.9}{Table of Contents}{}% 5
\BOOKMARK [0][-]{section*.10}{List of Tables}{}% 6
\BOOKMARK [0][-]{section*.11}{List of Figures}{}% 7
\BOOKMARK [0][-]{chapter.1}{Introduction}{}% 8
\BOOKMARK [1][-]{section.1.1}{The Large Hadron Collider}{chapter.1}% 9
\BOOKMARK [1][-]{section.1.2}{ATLAS Experiment}{chapter.1}% 10
\BOOKMARK [1][-]{section.1.3}{Trigger System}{chapter.1}% 11
\BOOKMARK [1][-]{section.1.4}{Missing Transverse Momentum}{chapter.1}% 12
\BOOKMARK [1][-]{section.1.5}{Efficiency Curves}{chapter.1}% 13
\BOOKMARK [1][-]{section.1.6}{Improving Efficiency Using Combined Algorithms}{chapter.1}% 14
\BOOKMARK [2][-]{subsection.1.6.1}{Transverse Mass Cut}{section.1.6}% 15
\BOOKMARK [1][-]{section.1.7}{Results}{chapter.1}% 16
\BOOKMARK [2][-]{subsection.1.7.1}{Algorithms that did not do better combined}{section.1.7}% 17
\BOOKMARK [2][-]{subsection.1.7.2}{Algorithms that did do better combined}{section.1.7}% 18
\BOOKMARK [2][-]{subsection.1.7.3}{Best Combined Algorithms and Best Individual Algorithms}{section.1.7}% 19
\BOOKMARK [1][-]{section.1.8}{Predicting the unbiased MET Distribution at Higher Luminosity}{chapter.1}% 20
\BOOKMARK [0][-]{section*.12}{Bibliography}{}% 21
\BOOKMARK [0][-]{Appendix.a.A}{Appendix Code}{}% 22
